This file contains any messages produced by compilers while
running configure, to aid debugging if configure makes a mistake.

It was created by iRRAM configure 2013_01, which was
generated by GNU Autoconf 2.69.  Invocation command line was

  $ ./configure --with-include-path=/home/tungvx/raSAT/solver/iRRAM_2013_01/installed/include --with-lib-path=/home/tungvx/raSAT/solver/iRRAM_2013_01/installed/lib --prefix=/home/tungvx/raSAT/solver/iRRAM_2013_01/installed --no-create --no-recursion

## --------- ##
## Platform. ##
## --------- ##

hostname = ubuntu
uname -m = x86_64
uname -r = 2.6.35-32-generic
uname -s = Linux
uname -v = #67-Ubuntu SMP Mon Mar 5 19:39:49 UTC 2012

/usr/bin/uname -p = unknown
/bin/uname -X     = unknown

/bin/arch              = unknown
/usr/bin/arch -k       = unknown
/usr/convex/getsysinfo = unknown
/usr/bin/hostinfo      = unknown
/bin/machine           = unknown
/usr/bin/oslevel       = unknown
/bin/universe          = unknown

PATH: /usr/local/sbin
PATH: /usr/local/bin
PATH: /usr/sbin
PATH: /usr/bin
PATH: /sbin
PATH: /bin
PATH: /usr/games


## ----------- ##
## Core tests. ##
## ----------- ##

configure:2457: checking build system type
configure:2471: result: x86_64-unknown-linux-gnu
configure:2491: checking host system type
configure:2504: result: x86_64-unknown-linux-gnu
configure:2545: checking how to print strings
configure:2572: result: printf
configure:2641: checking for gcc
configure:2657: found /usr/bin/gcc
configure:2668: result: gcc
configure:2897: checking for C compiler version
configure:2906: gcc --version >&5
gcc (Ubuntu/Linaro 4.4.4-14ubuntu5.1) 4.4.5
Copyright (C) 2010 Free Software Foundation, Inc.
This is free software; see the source for copying conditions.  There is NO
warranty; not even for MERCHANTABILITY or FITNESS FOR A PARTICULAR PURPOSE.

configure:2917: $? = 0
configure:2906: gcc -v >&5
Using built-in specs.
Target: x86_64-linux-gnu
Configured with: ../src/configure -v --with-pkgversion='Ubuntu/Linaro 4.4.4-14ubuntu5.1' --with-bugurl=file:///usr/share/doc/gcc-4.4/README.Bugs --enable-languages=c,c++,fortran,objc,obj-c++ --prefix=/usr --program-suffix=-4.4 --enable-shared --enable-multiarch --enable-linker-build-id --with-system-zlib --libexecdir=/usr/lib --without-included-gettext --enable-threads=posix --with-gxx-include-dir=/usr/include/c++/4.4 --libdir=/usr/lib --enable-nls --with-sysroot=/ --enable-clocale=gnu --enable-libstdcxx-debug --enable-objc-gc --disable-werror --with-arch-32=i686 --with-tune=generic --enable-checking=release --build=x86_64-linux-gnu --host=x86_64-linux-gnu --target=x86_64-linux-gnu
Thread model: posix
gcc version 4.4.5 (Ubuntu/Linaro 4.4.4-14ubuntu5.1) 
configure:2917: $? = 0
configure:2906: gcc -V >&5
gcc: '-V' option must have argument
configure:2917: $? = 1
configure:2906: gcc -qversion >&5
gcc: unrecognized option '-qversion'
gcc: no input files
configure:2917: $? = 1
configure:2937: checking whether the C compiler works
configure:2959: gcc    conftest.c  >&5
configure:2963: $? = 0
configure:3011: result: yes
configure:3014: checking for C compiler default output file name
configure:3016: result: a.out
configure:3022: checking for suffix of executables
configure:3029: gcc -o conftest    conftest.c  >&5
configure:3033: $? = 0
configure:3055: result: 
configure:3077: checking whether we are cross compiling
configure:3085: gcc -o conftest    conftest.c  >&5
configure:3089: $? = 0
configure:3096: ./conftest
configure:3100: $? = 0
configure:3115: result: no
configure:3120: checking for suffix of object files
configure:3142: gcc -c   conftest.c >&5
configure:3146: $? = 0
configure:3167: result: o
configure:3171: checking whether we are using the GNU C compiler
configure:3190: gcc -c   conftest.c >&5
configure:3190: $? = 0
configure:3199: result: yes
configure:3208: checking whether gcc accepts -g
configure:3228: gcc -c -g  conftest.c >&5
configure:3228: $? = 0
configure:3269: result: yes
configure:3286: checking for gcc option to accept ISO C89
configure:3349: gcc  -c -g -O2  conftest.c >&5
configure:3349: $? = 0
configure:3362: result: none needed
configure:3382: checking for a sed that does not truncate output
configure:3446: result: /bin/sed
configure:3464: checking for grep that handles long lines and -e
configure:3522: result: /bin/grep
configure:3527: checking for egrep
configure:3589: result: /bin/grep -E
configure:3594: checking for fgrep
configure:3656: result: /bin/grep -F
configure:3691: checking for ld used by gcc
configure:3758: result: /usr/bin/ld
configure:3765: checking if the linker (/usr/bin/ld) is GNU ld
configure:3780: result: yes
configure:3792: checking for BSD- or MS-compatible name lister (nm)
configure:3841: result: /usr/bin/nm -B
configure:3971: checking the name lister (/usr/bin/nm -B) interface
configure:3978: gcc -c -g -O2  conftest.c >&5
configure:3981: /usr/bin/nm -B "conftest.o"
configure:3984: output
0000000000000000 B some_variable
configure:3991: result: BSD nm
configure:3994: checking whether ln -s works
configure:3998: result: yes
configure:4006: checking the maximum length of command line arguments
configure:4136: result: 3458764513820540925
configure:4153: checking whether the shell understands some XSI constructs
configure:4163: result: yes
configure:4167: checking whether the shell understands "+="
configure:4173: result: yes
configure:4208: checking how to convert x86_64-unknown-linux-gnu file names to x86_64-unknown-linux-gnu format
configure:4248: result: func_convert_file_noop
configure:4255: checking how to convert x86_64-unknown-linux-gnu file names to toolchain format
configure:4275: result: func_convert_file_noop
configure:4282: checking for /usr/bin/ld option to reload object files
configure:4289: result: -r
configure:4363: checking for objdump
configure:4379: found /usr/bin/objdump
configure:4390: result: objdump
configure:4422: checking how to recognize dependent libraries
configure:4624: result: pass_all
configure:4709: checking for dlltool
configure:4739: result: no
configure:4769: checking how to associate runtime and link libraries
configure:4796: result: printf %s\n
configure:4857: checking for ar
configure:4873: found /usr/bin/ar
configure:4884: result: ar
configure:4921: checking for archiver @FILE support
configure:4938: gcc -c -g -O2  conftest.c >&5
configure:4938: $? = 0
configure:4941: ar cru libconftest.a @conftest.lst >&5
configure:4944: $? = 0
configure:4949: ar cru libconftest.a @conftest.lst >&5
ar: conftest.o: No such file or directory
configure:4952: $? = 1
configure:4964: result: @
configure:5022: checking for strip
configure:5038: found /usr/bin/strip
configure:5049: result: strip
configure:5121: checking for ranlib
configure:5137: found /usr/bin/ranlib
configure:5148: result: ranlib
configure:5225: checking for gawk
configure:5255: result: no
configure:5225: checking for mawk
configure:5241: found /usr/bin/mawk
configure:5252: result: mawk
configure:5292: checking command to parse /usr/bin/nm -B output from gcc object
configure:5412: gcc -c -g -O2  conftest.c >&5
configure:5415: $? = 0
configure:5419: /usr/bin/nm -B conftest.o \| sed -n -e 's/^.*[ ]\([ABCDGIRSTW][ABCDGIRSTW]*\)[ ][ ]*\([_A-Za-z][_A-Za-z0-9]*\)$/\1 \2 \2/p' | sed '/ __gnu_lto/d' \> conftest.nm
configure:5422: $? = 0
configure:5488: gcc -o conftest -g -O2   conftest.c conftstm.o >&5
configure:5491: $? = 0
configure:5529: result: ok
configure:5566: checking for sysroot
configure:5596: result: no
configure:5673: gcc -c -g -O2  conftest.c >&5
configure:5676: $? = 0
configure:5852: checking for mt
configure:5868: found /bin/mt
configure:5879: result: mt
configure:5902: checking if mt is a manifest tool
configure:5908: mt '-?'
configure:5916: result: no
configure:6558: checking how to run the C preprocessor
configure:6589: gcc -E  conftest.c
configure:6589: $? = 0
configure:6603: gcc -E  conftest.c
conftest.c:9: fatal error: ac_nonexistent.h: No such file or directory
compilation terminated.
configure:6603: $? = 1
configure: failed program was:
| /* confdefs.h */
| #define PACKAGE_NAME "iRRAM"
| #define PACKAGE_TARNAME "irram"
| #define PACKAGE_VERSION "2013_01"
| #define PACKAGE_STRING "iRRAM 2013_01"
| #define PACKAGE_BUGREPORT ""
| #define PACKAGE_URL "iRRAM.uni-trier.de"
| /* end confdefs.h.  */
| #include <ac_nonexistent.h>
configure:6628: result: gcc -E
configure:6648: gcc -E  conftest.c
configure:6648: $? = 0
configure:6662: gcc -E  conftest.c
conftest.c:9: fatal error: ac_nonexistent.h: No such file or directory
compilation terminated.
configure:6662: $? = 1
configure: failed program was:
| /* confdefs.h */
| #define PACKAGE_NAME "iRRAM"
| #define PACKAGE_TARNAME "irram"
| #define PACKAGE_VERSION "2013_01"
| #define PACKAGE_STRING "iRRAM 2013_01"
| #define PACKAGE_BUGREPORT ""
| #define PACKAGE_URL "iRRAM.uni-trier.de"
| /* end confdefs.h.  */
| #include <ac_nonexistent.h>
configure:6691: checking for ANSI C header files
configure:6711: gcc -c -g -O2  conftest.c >&5
configure:6711: $? = 0
configure:6784: gcc -o conftest -g -O2   conftest.c  >&5
configure:6784: $? = 0
configure:6784: ./conftest
configure:6784: $? = 0
configure:6795: result: yes
configure:6808: checking for sys/types.h
configure:6808: gcc -c -g -O2  conftest.c >&5
configure:6808: $? = 0
configure:6808: result: yes
configure:6808: checking for sys/stat.h
configure:6808: gcc -c -g -O2  conftest.c >&5
configure:6808: $? = 0
configure:6808: result: yes
configure:6808: checking for stdlib.h
configure:6808: gcc -c -g -O2  conftest.c >&5
configure:6808: $? = 0
configure:6808: result: yes
configure:6808: checking for string.h
configure:6808: gcc -c -g -O2  conftest.c >&5
configure:6808: $? = 0
configure:6808: result: yes
configure:6808: checking for memory.h
configure:6808: gcc -c -g -O2  conftest.c >&5
configure:6808: $? = 0
configure:6808: result: yes
configure:6808: checking for strings.h
configure:6808: gcc -c -g -O2  conftest.c >&5
configure:6808: $? = 0
configure:6808: result: yes
configure:6808: checking for inttypes.h
configure:6808: gcc -c -g -O2  conftest.c >&5
configure:6808: $? = 0
configure:6808: result: yes
configure:6808: checking for stdint.h
configure:6808: gcc -c -g -O2  conftest.c >&5
configure:6808: $? = 0
configure:6808: result: yes
configure:6808: checking for unistd.h
configure:6808: gcc -c -g -O2  conftest.c >&5
configure:6808: $? = 0
configure:6808: result: yes
configure:6822: checking for dlfcn.h
configure:6822: gcc -c -g -O2  conftest.c >&5
configure:6822: $? = 0
configure:6822: result: yes
configure:7028: checking for objdir
configure:7043: result: .libs
configure:7310: checking if gcc supports -fno-rtti -fno-exceptions
configure:7328: gcc -c -g -O2  -fno-rtti -fno-exceptions conftest.c >&5
cc1: warning: command line option "-fno-rtti" is valid for C++/ObjC++ but not for C
configure:7332: $? = 0
configure:7345: result: no
configure:7672: checking for gcc option to produce PIC
configure:7679: result: -fPIC -DPIC
configure:7687: checking if gcc PIC flag -fPIC -DPIC works
configure:7705: gcc -c -g -O2  -fPIC -DPIC -DPIC conftest.c >&5
configure:7709: $? = 0
configure:7722: result: yes
configure:7751: checking if gcc static flag -static works
configure:7779: result: yes
configure:7794: checking if gcc supports -c -o file.o
configure:7815: gcc -c -g -O2  -o out/conftest2.o conftest.c >&5
configure:7819: $? = 0
configure:7841: result: yes
configure:7849: checking if gcc supports -c -o file.o
configure:7896: result: yes
configure:7929: checking whether the gcc linker (/usr/bin/ld -m elf_x86_64) supports shared libraries
configure:9082: result: yes
configure:9119: checking whether -lc should be explicitly linked in
configure:9127: gcc -c -g -O2  conftest.c >&5
configure:9130: $? = 0
configure:9145: gcc -shared  -fPIC -DPIC conftest.o  -v -Wl,-soname -Wl,conftest -o conftest 2\>\&1 \| /bin/grep  -lc  \>/dev/null 2\>\&1
configure:9148: $? = 0
configure:9162: result: no
configure:9322: checking dynamic linker characteristics
configure:9833: gcc -o conftest -g -O2   -Wl,-rpath -Wl,/foo conftest.c  >&5
configure:9833: $? = 0
configure:10055: result: GNU/Linux ld.so
configure:10162: checking how to hardcode library paths into programs
configure:10187: result: immediate
configure:10727: checking whether stripping libraries is possible
configure:10732: result: yes
configure:10767: checking if libtool supports shared libraries
configure:10769: result: yes
configure:10772: checking whether to build shared libraries
configure:10793: result: yes
configure:10796: checking whether to build static libraries
configure:10800: result: yes
configure:10852: checking whether make supports nested variables
configure:10869: result: yes
configure:10896: checking for a BSD-compatible install
configure:10964: result: /usr/bin/install -c
configure:10975: checking whether build environment is sane
configure:11030: result: yes
configure:11181: checking for a thread-safe mkdir -p
configure:11220: result: /bin/mkdir -p
configure:11223: checking whether make sets $(MAKE)
configure:11245: result: yes
configure:11275: checking for style of include used by make
configure:11303: result: GNU
configure:11390: checking dependency style of gcc
configure:11501: result: gcc3
configure:11602: checking for gcc
configure:11629: result: gcc
configure:11858: checking for C compiler version
configure:11867: gcc --version >&5
gcc (Ubuntu/Linaro 4.4.4-14ubuntu5.1) 4.4.5
Copyright (C) 2010 Free Software Foundation, Inc.
This is free software; see the source for copying conditions.  There is NO
warranty; not even for MERCHANTABILITY or FITNESS FOR A PARTICULAR PURPOSE.

configure:11878: $? = 0
configure:11867: gcc -v >&5
Using built-in specs.
Target: x86_64-linux-gnu
Configured with: ../src/configure -v --with-pkgversion='Ubuntu/Linaro 4.4.4-14ubuntu5.1' --with-bugurl=file:///usr/share/doc/gcc-4.4/README.Bugs --enable-languages=c,c++,fortran,objc,obj-c++ --prefix=/usr --program-suffix=-4.4 --enable-shared --enable-multiarch --enable-linker-build-id --with-system-zlib --libexecdir=/usr/lib --without-included-gettext --enable-threads=posix --with-gxx-include-dir=/usr/include/c++/4.4 --libdir=/usr/lib --enable-nls --with-sysroot=/ --enable-clocale=gnu --enable-libstdcxx-debug --enable-objc-gc --disable-werror --with-arch-32=i686 --with-tune=generic --enable-checking=release --build=x86_64-linux-gnu --host=x86_64-linux-gnu --target=x86_64-linux-gnu
Thread model: posix
gcc version 4.4.5 (Ubuntu/Linaro 4.4.4-14ubuntu5.1) 
configure:11878: $? = 0
configure:11867: gcc -V >&5
gcc: '-V' option must have argument
configure:11878: $? = 1
configure:11867: gcc -qversion >&5
gcc: unrecognized option '-qversion'
gcc: no input files
configure:11878: $? = 1
configure:11882: checking whether we are using the GNU C compiler
configure:11910: result: yes
configure:11919: checking whether gcc accepts -g
configure:11980: result: yes
configure:11997: checking for gcc option to accept ISO C89
configure:12073: result: none needed
configure:12151: checking for g++
configure:12167: found /usr/bin/g++
configure:12178: result: g++
configure:12205: checking for C++ compiler version
configure:12214: g++ --version >&5
g++ (Ubuntu/Linaro 4.4.4-14ubuntu5.1) 4.4.5
Copyright (C) 2010 Free Software Foundation, Inc.
This is free software; see the source for copying conditions.  There is NO
warranty; not even for MERCHANTABILITY or FITNESS FOR A PARTICULAR PURPOSE.

configure:12225: $? = 0
configure:12214: g++ -v >&5
Using built-in specs.
Target: x86_64-linux-gnu
Configured with: ../src/configure -v --with-pkgversion='Ubuntu/Linaro 4.4.4-14ubuntu5.1' --with-bugurl=file:///usr/share/doc/gcc-4.4/README.Bugs --enable-languages=c,c++,fortran,objc,obj-c++ --prefix=/usr --program-suffix=-4.4 --enable-shared --enable-multiarch --enable-linker-build-id --with-system-zlib --libexecdir=/usr/lib --without-included-gettext --enable-threads=posix --with-gxx-include-dir=/usr/include/c++/4.4 --libdir=/usr/lib --enable-nls --with-sysroot=/ --enable-clocale=gnu --enable-libstdcxx-debug --enable-objc-gc --disable-werror --with-arch-32=i686 --with-tune=generic --enable-checking=release --build=x86_64-linux-gnu --host=x86_64-linux-gnu --target=x86_64-linux-gnu
Thread model: posix
gcc version 4.4.5 (Ubuntu/Linaro 4.4.4-14ubuntu5.1) 
configure:12225: $? = 0
configure:12214: g++ -V >&5
g++: '-V' option must have argument
configure:12225: $? = 1
configure:12214: g++ -qversion >&5
g++: unrecognized option '-qversion'
g++: no input files
configure:12225: $? = 1
configure:12229: checking whether we are using the GNU C++ compiler
configure:12248: g++ -c   conftest.cpp >&5
configure:12248: $? = 0
configure:12257: result: yes
configure:12266: checking whether g++ accepts -g
configure:12286: g++ -c -g  conftest.cpp >&5
configure:12286: $? = 0
configure:12327: result: yes
configure:12368: checking how to run the C++ preprocessor
configure:12395: g++ -E  conftest.cpp
configure:12395: $? = 0
configure:12409: g++ -E  conftest.cpp
conftest.cpp:23: fatal error: ac_nonexistent.h: No such file or directory
compilation terminated.
configure:12409: $? = 1
configure: failed program was:
| /* confdefs.h */
| #define PACKAGE_NAME "iRRAM"
| #define PACKAGE_TARNAME "irram"
| #define PACKAGE_VERSION "2013_01"
| #define PACKAGE_STRING "iRRAM 2013_01"
| #define PACKAGE_BUGREPORT ""
| #define PACKAGE_URL "iRRAM.uni-trier.de"
| #define STDC_HEADERS 1
| #define HAVE_SYS_TYPES_H 1
| #define HAVE_SYS_STAT_H 1
| #define HAVE_STDLIB_H 1
| #define HAVE_STRING_H 1
| #define HAVE_MEMORY_H 1
| #define HAVE_STRINGS_H 1
| #define HAVE_INTTYPES_H 1
| #define HAVE_STDINT_H 1
| #define HAVE_UNISTD_H 1
| #define HAVE_DLFCN_H 1
| #define LT_OBJDIR ".libs/"
| #define PACKAGE "irram"
| #define VERSION "2013_01"
| /* end confdefs.h.  */
| #include <ac_nonexistent.h>
configure:12434: result: g++ -E
configure:12454: g++ -E  conftest.cpp
configure:12454: $? = 0
configure:12468: g++ -E  conftest.cpp
conftest.cpp:23: fatal error: ac_nonexistent.h: No such file or directory
compilation terminated.
configure:12468: $? = 1
configure: failed program was:
| /* confdefs.h */
| #define PACKAGE_NAME "iRRAM"
| #define PACKAGE_TARNAME "irram"
| #define PACKAGE_VERSION "2013_01"
| #define PACKAGE_STRING "iRRAM 2013_01"
| #define PACKAGE_BUGREPORT ""
| #define PACKAGE_URL "iRRAM.uni-trier.de"
| #define STDC_HEADERS 1
| #define HAVE_SYS_TYPES_H 1
| #define HAVE_SYS_STAT_H 1
| #define HAVE_STDLIB_H 1
| #define HAVE_STRING_H 1
| #define HAVE_MEMORY_H 1
| #define HAVE_STRINGS_H 1
| #define HAVE_INTTYPES_H 1
| #define HAVE_STDINT_H 1
| #define HAVE_UNISTD_H 1
| #define HAVE_DLFCN_H 1
| #define LT_OBJDIR ".libs/"
| #define PACKAGE "irram"
| #define VERSION "2013_01"
| /* end confdefs.h.  */
| #include <ac_nonexistent.h>
configure:12637: checking for ld used by g++
configure:12704: result: /usr/bin/ld -m elf_x86_64
configure:12711: checking if the linker (/usr/bin/ld -m elf_x86_64) is GNU ld
configure:12726: result: yes
configure:12781: checking whether the g++ linker (/usr/bin/ld -m elf_x86_64) supports shared libraries
configure:13786: result: yes
configure:13822: g++ -c -g -O2  conftest.cpp >&5
configure:13825: $? = 0
configure:14345: checking for g++ option to produce PIC
configure:14352: result: -fPIC -DPIC
configure:14360: checking if g++ PIC flag -fPIC -DPIC works
configure:14378: g++ -c -g -O2  -fPIC -DPIC -DPIC conftest.cpp >&5
configure:14382: $? = 0
configure:14395: result: yes
configure:14418: checking if g++ static flag -static works
configure:14446: result: yes
configure:14458: checking if g++ supports -c -o file.o
configure:14479: g++ -c -g -O2  -o out/conftest2.o conftest.cpp >&5
configure:14483: $? = 0
configure:14505: result: yes
configure:14510: checking if g++ supports -c -o file.o
configure:14557: result: yes
configure:14587: checking whether the g++ linker (/usr/bin/ld -m elf_x86_64) supports shared libraries
configure:14623: result: yes
configure:14764: checking dynamic linker characteristics
configure:15431: result: GNU/Linux ld.so
configure:15484: checking how to hardcode library paths into programs
configure:15509: result: immediate
configure:15551: checking dependency style of g++
configure:15662: result: gcc3
configure:15677: checking whether make sets $(MAKE)
configure:15699: result: yes
configure:15708: checking whether ln -s works
configure:15712: result: yes
configure:15728: checking for main in -lm
configure:15747: g++ -o conftest -g -O2   conftest.cpp -lm   >&5
configure:15747: $? = 0
configure:15756: result: yes
configure:15782: result: checking gmp header... 
configure:15785: checking gmp.h usability
configure:15785: g++ -c -g -O2 -Wall  -I/home/tungvx/raSAT/solver/iRRAM_2013_01/installed/include conftest.cpp >&5
configure:15785: $? = 0
configure:15785: result: yes
configure:15785: checking gmp.h presence
configure:15785: g++ -E  -I/home/tungvx/raSAT/solver/iRRAM_2013_01/installed/include conftest.cpp
configure:15785: $? = 0
configure:15785: result: yes
configure:15785: checking for gmp.h
configure:15785: result: yes
configure:15812: g++ -o conftest -g -O2 -Wall  -I/home/tungvx/raSAT/solver/iRRAM_2013_01/installed/include  conftest.cpp -L/home/tungvx/raSAT/solver/iRRAM_2013_01/installed/lib  -lm >&5
configure:15812: $? = 0
configure:15812: ./conftest
configure:15812: $? = 0
configure:15813: result: found recent GMP
configure:15824: result: GMP check successfull!  
configure:15833: result: checking mpfr headers 
configure:15835: checking mpfr.h usability
configure:15835: g++ -c -g -O2 -Wall  -I/home/tungvx/raSAT/solver/iRRAM_2013_01/installed/include conftest.cpp >&5
configure:15835: $? = 0
configure:15835: result: yes
configure:15835: checking mpfr.h presence
configure:15835: g++ -E  -I/home/tungvx/raSAT/solver/iRRAM_2013_01/installed/include conftest.cpp
configure:15835: $? = 0
configure:15835: result: yes
configure:15835: checking for mpfr.h
configure:15835: result: yes
configure:15845: result: MPFR backend: found 
configure:15864: checking pthread.h usability
configure:15864: g++ -c -g -O2 -Wall  -I/home/tungvx/raSAT/solver/iRRAM_2013_01/installed/include conftest.cpp >&5
configure:15864: $? = 0
configure:15864: result: yes
configure:15864: checking pthread.h presence
configure:15864: g++ -E  -I/home/tungvx/raSAT/solver/iRRAM_2013_01/installed/include conftest.cpp
configure:15864: $? = 0
configure:15864: result: yes
configure:15864: checking for pthread.h
configure:15864: result: yes
configure:15874: checking for pthread_create in -lpthread
configure:15899: g++ -o conftest -g -O2 -Wall  -I/home/tungvx/raSAT/solver/iRRAM_2013_01/installed/include  conftest.cpp -lpthread  -L/home/tungvx/raSAT/solver/iRRAM_2013_01/installed/lib  -lm -lgmp >&5
configure:15899: $? = 0
configure:15908: result: yes
configure:15950: result: linking obj/MPFR//REALS.cc 
configure:15950: result: linking obj/MPFR//REALmain.cc 
configure:15950: result: linking obj/MPFR//REALLIB.cc 
configure:15950: result: linking obj/MPFR//limits.cc 
configure:15950: result: linking obj/MPFR//errno.cc 
configure:15950: result: linking obj/MPFR//convert.cc 
configure:15950: result: linking obj/MPFR//stack.cc 
configure:15950: result: linking obj/MPFR//STREAMS.cc 
configure:15950: result: linking obj/MPFR//DYADIC.cc 
configure:15950: result: linking obj/MPFR//COMPLEX.cc 
configure:15950: result: linking obj/MPFR//Integer.cc 
configure:15950: result: linking obj/MPFR//RATIONAL.cc 
configure:15950: result: linking obj/MPFR//LAZY_BOOLEAN.cc 
configure:15950: result: linking obj/MPFR//sqrt.cc 
configure:15950: result: linking obj/MPFR//exp_log.cc 
configure:15950: result: linking obj/MPFR//sin_cos.cc 
configure:15950: result: linking obj/MPFR//pi_ln2.cc 
configure:15950: result: linking obj/MPFR//REALMATRIX.cc 
configure:15950: result: linking obj/MPFR//SPARSEREALMATRIX.cc 
configure:15950: result: linking obj/MPFR//INTERVAL.cc 
configure:15950: result: linking obj/MPFR//GMP_int_ext.c 
configure:15950: result: linking obj/MPFR//GMP_rat_ext.c 
configure:16110: checking that generated files are newer than configure
configure:16116: result: done
configure:16143: creating ./config.status

## ---------------- ##
## Cache variables. ##
## ---------------- ##

ac_cv_build=x86_64-unknown-linux-gnu
ac_cv_c_compiler_gnu=yes
ac_cv_cxx_compiler_gnu=yes
ac_cv_env_CCC_set=
ac_cv_env_CCC_value=
ac_cv_env_CC_set=
ac_cv_env_CC_value=
ac_cv_env_CFLAGS_set=
ac_cv_env_CFLAGS_value=
ac_cv_env_CPPFLAGS_set=
ac_cv_env_CPPFLAGS_value=
ac_cv_env_CPP_set=
ac_cv_env_CPP_value=
ac_cv_env_CXXCPP_set=
ac_cv_env_CXXCPP_value=
ac_cv_env_CXXFLAGS_set=
ac_cv_env_CXXFLAGS_value=
ac_cv_env_CXX_set=
ac_cv_env_CXX_value=
ac_cv_env_LDFLAGS_set=
ac_cv_env_LDFLAGS_value=
ac_cv_env_LIBS_set=
ac_cv_env_LIBS_value=
ac_cv_env_build_alias_set=
ac_cv_env_build_alias_value=
ac_cv_env_host_alias_set=
ac_cv_env_host_alias_value=
ac_cv_env_target_alias_set=
ac_cv_env_target_alias_value=
ac_cv_header_dlfcn_h=yes
ac_cv_header_gmp_h=yes
ac_cv_header_inttypes_h=yes
ac_cv_header_memory_h=yes
ac_cv_header_mpfr_h=yes
ac_cv_header_pthread_h=yes
ac_cv_header_stdc=yes
ac_cv_header_stdint_h=yes
ac_cv_header_stdlib_h=yes
ac_cv_header_string_h=yes
ac_cv_header_strings_h=yes
ac_cv_header_sys_stat_h=yes
ac_cv_header_sys_types_h=yes
ac_cv_header_unistd_h=yes
ac_cv_host=x86_64-unknown-linux-gnu
ac_cv_lib_m_main=yes
ac_cv_lib_pthread_pthread_create=yes
ac_cv_objext=o
ac_cv_path_EGREP='/bin/grep -E'
ac_cv_path_FGREP='/bin/grep -F'
ac_cv_path_GREP=/bin/grep
ac_cv_path_SED=/bin/sed
ac_cv_path_install='/usr/bin/install -c'
ac_cv_path_mkdir=/bin/mkdir
ac_cv_prog_AWK=mawk
ac_cv_prog_CPP='gcc -E'
ac_cv_prog_CXXCPP='g++ -E'
ac_cv_prog_ac_ct_AR=ar
ac_cv_prog_ac_ct_CC=gcc
ac_cv_prog_ac_ct_CXX=g++
ac_cv_prog_ac_ct_MANIFEST_TOOL=mt
ac_cv_prog_ac_ct_OBJDUMP=objdump
ac_cv_prog_ac_ct_RANLIB=ranlib
ac_cv_prog_ac_ct_STRIP=strip
ac_cv_prog_cc_c89=
ac_cv_prog_cc_g=yes
ac_cv_prog_cxx_g=yes
ac_cv_prog_make_make_set=yes
am_cv_CC_dependencies_compiler_type=gcc3
am_cv_CXX_dependencies_compiler_type=gcc3
am_cv_make_support_nested_variables=yes
lt_cv_ar_at_file=@
lt_cv_archive_cmds_need_lc=no
lt_cv_deplibs_check_method=pass_all
lt_cv_file_magic_cmd='$MAGIC_CMD'
lt_cv_file_magic_test_file=
lt_cv_ld_reload_flag=-r
lt_cv_nm_interface='BSD nm'
lt_cv_objdir=.libs
lt_cv_path_LD=/usr/bin/ld
lt_cv_path_LDCXX='/usr/bin/ld -m elf_x86_64'
lt_cv_path_NM='/usr/bin/nm -B'
lt_cv_path_mainfest_tool=no
lt_cv_prog_compiler_c_o=yes
lt_cv_prog_compiler_c_o_CXX=yes
lt_cv_prog_compiler_pic='-fPIC -DPIC'
lt_cv_prog_compiler_pic_CXX='-fPIC -DPIC'
lt_cv_prog_compiler_pic_works=yes
lt_cv_prog_compiler_pic_works_CXX=yes
lt_cv_prog_compiler_rtti_exceptions=no
lt_cv_prog_compiler_static_works=yes
lt_cv_prog_compiler_static_works_CXX=yes
lt_cv_prog_gnu_ld=yes
lt_cv_prog_gnu_ldcxx=yes
lt_cv_sharedlib_from_linklib_cmd='printf %s\n'
lt_cv_shlibpath_overrides_runpath=no
lt_cv_sys_global_symbol_pipe='sed -n -e '\''s/^.*[	 ]\([ABCDGIRSTW][ABCDGIRSTW]*\)[	 ][	 ]*\([_A-Za-z][_A-Za-z0-9]*\)$/\1 \2 \2/p'\'' | sed '\''/ __gnu_lto/d'\'''
lt_cv_sys_global_symbol_to_c_name_address='sed -n -e '\''s/^: \([^ ]*\)[ ]*$/  {\"\1\", (void *) 0},/p'\'' -e '\''s/^[ABCDGIRSTW]* \([^ ]*\) \([^ ]*\)$/  {"\2", (void *) \&\2},/p'\'''
lt_cv_sys_global_symbol_to_c_name_address_lib_prefix='sed -n -e '\''s/^: \([^ ]*\)[ ]*$/  {\"\1\", (void *) 0},/p'\'' -e '\''s/^[ABCDGIRSTW]* \([^ ]*\) \(lib[^ ]*\)$/  {"\2", (void *) \&\2},/p'\'' -e '\''s/^[ABCDGIRSTW]* \([^ ]*\) \([^ ]*\)$/  {"lib\2", (void *) \&\2},/p'\'''
lt_cv_sys_global_symbol_to_cdecl='sed -n -e '\''s/^T .* \(.*\)$/extern int \1();/p'\'' -e '\''s/^[ABCDGIRSTW]* .* \(.*\)$/extern char \1;/p'\'''
lt_cv_sys_max_cmd_len=3458764513820540925
lt_cv_to_host_file_cmd=func_convert_file_noop
lt_cv_to_tool_file_cmd=func_convert_file_noop

## ----------------- ##
## Output variables. ##
## ----------------- ##

ACLOCAL='${SHELL} /home/tungvx/raSAT/solver/iRRAM_2013_01/missing --run aclocal-1.12'
AMDEPBACKSLASH='\'
AMDEP_FALSE='#'
AMDEP_TRUE=''
AMTAR='$${TAR-tar}'
AM_BACKSLASH='\'
AM_DEFAULT_V='$(AM_DEFAULT_VERBOSITY)'
AM_DEFAULT_VERBOSITY='0'
AM_V='$(V)'
AR='ar'
AUTOCONF='${SHELL} /home/tungvx/raSAT/solver/iRRAM_2013_01/missing --run autoconf'
AUTOHEADER='${SHELL} /home/tungvx/raSAT/solver/iRRAM_2013_01/missing --run autoheader'
AUTOMAKE='${SHELL} /home/tungvx/raSAT/solver/iRRAM_2013_01/missing --run automake-1.12'
AWK='mawk'
CC='gcc'
CCDEPMODE='depmode=gcc3'
CFLAGS='-g -O2 -Wall -Wno-implicit -Wmissing-prototypes'
CPP='gcc -E'
CPPFLAGS=' -I/home/tungvx/raSAT/solver/iRRAM_2013_01/installed/include'
CPPFLAGS_INST=''
CXX='g++'
CXXCPP='g++ -E'
CXXDEPMODE='depmode=gcc3'
CXXFLAGS='-g -O2 -Wall'
CYGPATH_W='echo'
DEFS='-DPACKAGE_NAME=\"iRRAM\" -DPACKAGE_TARNAME=\"irram\" -DPACKAGE_VERSION=\"2013_01\" -DPACKAGE_STRING=\"iRRAM\ 2013_01\" -DPACKAGE_BUGREPORT=\"\" -DPACKAGE_URL=\"iRRAM.uni-trier.de\" -DSTDC_HEADERS=1 -DHAVE_SYS_TYPES_H=1 -DHAVE_SYS_STAT_H=1 -DHAVE_STDLIB_H=1 -DHAVE_STRING_H=1 -DHAVE_MEMORY_H=1 -DHAVE_STRINGS_H=1 -DHAVE_INTTYPES_H=1 -DHAVE_STDINT_H=1 -DHAVE_UNISTD_H=1 -DHAVE_DLFCN_H=1 -DLT_OBJDIR=\".libs/\" -DPACKAGE=\"irram\" -DVERSION=\"2013_01\" -DHAVE_PTHREAD_H=1'
DEPDIR='.deps'
DLLTOOL='false'
DSYMUTIL=''
DUMPBIN=''
ECHO_C=''
ECHO_N='-n'
ECHO_T=''
EGREP='/bin/grep -E'
EXEEXT=''
EXTRAEXAMPLES=' timings-MPFR-iRRAM test-MPFR-iRRAM'
FGREP='/bin/grep -F'
GREP='/bin/grep'
INCLUDES='-I/home/tungvx/raSAT/solver/iRRAM_2013_01/installed/include'
INSTALL_DATA='${INSTALL} -m 644'
INSTALL_PROGRAM='${INSTALL}'
INSTALL_SCRIPT='${INSTALL}'
INSTALL_STRIP_PROGRAM='$(install_sh) -c -s'
LD='/usr/bin/ld -m elf_x86_64'
LDADD='-L/home/tungvx/raSAT/solver/iRRAM_2013_01/installed/lib '
LDFLAGS=''
LIBOBJS=''
LIBS='-L/home/tungvx/raSAT/solver/iRRAM_2013_01/installed/lib  -lmpfr -lm -lgmp -lpthread'
LIBS_INST='-lmpfr -lm -lgmp -lpthread'
LIBTOOL='$(SHELL) $(top_builddir)/libtool'
LIBTOOL_DEPS='./ltmain.sh'
LIPO=''
LN_S='ln -s'
LTLIBOBJS=''
MAKEINFO='${SHELL} /home/tungvx/raSAT/solver/iRRAM_2013_01/missing --run makeinfo'
MANIFEST_TOOL=':'
MKDIR_P='/bin/mkdir -p'
NM='/usr/bin/nm -B'
NMEDIT=''
OBJDUMP='objdump'
OBJEXT='o'
OTOOL64=''
OTOOL=''
PACKAGE='irram'
PACKAGE_BUGREPORT=''
PACKAGE_NAME='iRRAM'
PACKAGE_STRING='iRRAM 2013_01'
PACKAGE_TARNAME='irram'
PACKAGE_URL='iRRAM.uni-trier.de'
PACKAGE_VERSION='2013_01'
PATH_SEPARATOR=':'
RANLIB='ranlib'
RPATH='-Xlinker -rpath -Xlinker /home/tungvx/raSAT/solver/iRRAM_2013_01/installed/lib '
SED='/bin/sed'
SET_MAKE=''
SHELL='/bin/bash'
STRIP='strip'
VERSION='2013_01'
ac_ct_AR='ar'
ac_ct_CC='gcc'
ac_ct_CXX='g++'
ac_ct_DUMPBIN=''
am__EXEEXT_FALSE=''
am__EXEEXT_TRUE='#'
am__fastdepCC_FALSE='#'
am__fastdepCC_TRUE=''
am__fastdepCXX_FALSE='#'
am__fastdepCXX_TRUE=''
am__include='include'
am__isrc=''
am__leading_dot='.'
am__nodep='_no'
am__quote=''
am__tar='$${TAR-tar} chof - "$$tardir"'
am__untar='$${TAR-tar} xf -'
bindir='${exec_prefix}/bin'
build='x86_64-unknown-linux-gnu'
build_alias=''
build_cpu='x86_64'
build_os='linux-gnu'
build_vendor='unknown'
datadir='${datarootdir}'
datarootdir='${prefix}/share'
docdir='${datarootdir}/doc/${PACKAGE_TARNAME}'
dvidir='${docdir}'
exec_prefix='${prefix}'
host='x86_64-unknown-linux-gnu'
host_alias=''
host_cpu='x86_64'
host_os='linux-gnu'
host_vendor='unknown'
htmldir='${docdir}'
iRRAM_VERSION='2013_01'
iRRAM_shared_version='13:1:0'
iRRAM_src='REALS.cc REALmain.cc REALLIB.cc limits.cc errno.cc convert.cc stack.cc STREAMS.cc DYADIC.cc COMPLEX.cc Integer.cc RATIONAL.cc LAZY_BOOLEAN.cc sqrt.cc exp_log.cc sin_cos.cc pi_ln2.cc REALMATRIX.cc SPARSEREALMATRIX.cc INTERVAL.cc GMP_int_ext.c GMP_rat_ext.c'
includedir='${prefix}/include'
infodir='${datarootdir}/info'
install_sh='${SHELL} /home/tungvx/raSAT/solver/iRRAM_2013_01/install-sh'
libdir='${exec_prefix}/lib'
libexecdir='${exec_prefix}/libexec'
localedir='${datarootdir}/locale'
localstatedir='${prefix}/var'
mandir='${datarootdir}/man'
mkdir_p='/bin/mkdir -p'
oldincludedir='/usr/include'
pdfdir='${docdir}'
prefix='/home/tungvx/raSAT/solver/iRRAM_2013_01/installed'
program_transform_name='s,x,x,'
psdir='${docdir}'
sbindir='${exec_prefix}/sbin'
sharedstatedir='${prefix}/com'
sysconfdir='${prefix}/etc'
target_alias=''

## ----------- ##
## confdefs.h. ##
## ----------- ##

/* confdefs.h */
#define PACKAGE_NAME "iRRAM"
#define PACKAGE_TARNAME "irram"
#define PACKAGE_VERSION "2013_01"
#define PACKAGE_STRING "iRRAM 2013_01"
#define PACKAGE_BUGREPORT ""
#define PACKAGE_URL "iRRAM.uni-trier.de"
#define STDC_HEADERS 1
#define HAVE_SYS_TYPES_H 1
#define HAVE_SYS_STAT_H 1
#define HAVE_STDLIB_H 1
#define HAVE_STRING_H 1
#define HAVE_MEMORY_H 1
#define HAVE_STRINGS_H 1
#define HAVE_INTTYPES_H 1
#define HAVE_STDINT_H 1
#define HAVE_UNISTD_H 1
#define HAVE_DLFCN_H 1
#define LT_OBJDIR ".libs/"
#define PACKAGE "irram"
#define VERSION "2013_01"
#define HAVE_PTHREAD_H 1

configure: exit 0

## ---------------------- ##
## Running config.status. ##
## ---------------------- ##

This file was extended by iRRAM config.status 2013_01, which was
generated by GNU Autoconf 2.69.  Invocation command line was

  CONFIG_FILES    = 
  CONFIG_HEADERS  = 
  CONFIG_LINKS    = 
  CONFIG_COMMANDS = 
  $ ./config.status 

on ubuntu

config.status:1085: creating obj/MPFR/Makefile
config.status:1085: creating iRRAM_VERSION
config.status:1085: creating include/iRRAM/version.h
config.status:1085: creating Makefile
config.status:1085: creating include/Makefile
config.status:1085: creating tests/Makefile
config.status:1085: creating examples/Makefile-pre
config.status:1085: creating doc/Makefile
config.status:1257: executing libtool commands
config.status:1257: executing depfiles commands
